[mov,mp4,m4a,3gp,3g2,mj2 @ 0000023375f9aac0] Packet corrupt (stream = 0, dts = 42112).
[NULL @ 0000023385886280] Invalid NAL unit size (314972 > 273240).
[NULL @ 0000023385886280] missing picture in access unit with size 273244
Auth -> http://10.168.168.29:8096
Libraries (4): asmr, df, hd, mv
Total items with known bitrate: 1215

Top 12 by source bitrate:  (force-direct mode)
--------------------------------------------------------------------------------------------------------------
   1  149.3 Mbps  h264   3840x2160  [DIRECT   ]  connoisseur_s_gym_thots_1_4k_1
   2  142.9 Mbps  h264   3840x2160  [DIRECT   ]  ConnoisseurPMVs - Gym Thots 3 (4k 60fps)
   3  120.4 Mbps  h264   3840x2160  [DIRECT   ]  rockstar_slut_mix_1
   4  119.6 Mbps  h264   3840x2160  [DIRECT   ]  bad_bitches_4k60fps_1
   5  109.9 Mbps  h264   3840x2160  [DIRECT   ]  connoisseur_s_gym_thots_2_4k_1
   6  100.7 Mbps  h264   1920x1080  [DIRECT   ]  tiktok_x_porn_ep1_1
   7  100.5 Mbps  h264   1920x1080  [DIRECT   ]  tiktok_x_porn_ep4_1
   8   98.2 Mbps  h264   3840x2160  [DIRECT   ]  coelidge_stop_drop_and_rollupscale_1
   9   94.7 Mbps  h264   1920x1080  [DIRECT   ]  tiktok_x_porn_ep5_1
  10   84.6 Mbps  h264   3840x2160  [DIRECT   ]  white_girls_xxx_pt2_kim_petras_xxx_1
  11   84.5 Mbps  h264   3840x2160  [DIRECT   ]  white_girls_xxx_kim_petras_xxx_1
  12   83.1 Mbps  h264   3840x2160  [DIRECT   ]  asmr_is_porn
--------------------------------------------------------------------------------------------------------------
Aggregate source bitrate (DIRECT-only ceiling): 1288.5 Mbps
GPU pre-test: GPU 8%  VRAM 2397/16303 MB  (3% bw)  39C

Starting 12 cells with 300ms stagger...
All started. Holding for 30.0s...
GPU mid-test:  GPU 33%  VRAM 5630/16303 MB  (9% bw)  41C
GPU end-test:  GPU 32%  VRAM 5557/16303 MB  (8% bw)  41C

==============================================================================================================
  # tier        first     pos   rt%        eof res        name
==============================================================================================================
  1 DIRECT       0.50   33.27   99%        eof 3840x2160  PASS  connoisseur_s_gym_thots_1_4k_1
  2 DIRECT       0.48   32.73   98%        eof 3840x2160  PASS  ConnoisseurPMVs - Gym Thots 3 (4k 60fps)
  3 DIRECT       0.55   32.93   99%        eof 3840x2160  PASS  rockstar_slut_mix_1
  4 DIRECT       0.57    7.15   23%        eof 3840x2160  FAIL  bad_bitches_4k60fps_1
  5 DIRECT       1.36   20.58   63%        eof 3840x2160  FAIL  connoisseur_s_gym_thots_2_4k_1
  6 DIRECT       4.11    1.96    7%        eof 1920x1080  FAIL  tiktok_x_porn_ep1_1
  7 DIRECT       2.81    8.72   27%        eof 1920x1080  FAIL  tiktok_x_porn_ep4_1
  8 DIRECT       4.72   26.13   81%        eof 3840x2160  FAIL  coelidge_stop_drop_and_rollupscale_1
  9 DIRECT       2.53   25.33   79%        eof 1920x1080  FAIL  tiktok_x_porn_ep5_1
 10 DIRECT       1.52   28.10   88%        eof 3840x2160  PASS  white_girls_xxx_pt2_kim_petras_xxx_1
 11 DIRECT       1.84   30.10   96%        eof 3840x2160  PASS  white_girls_xxx_kim_petras_xxx_1
 12 DIRECT       1.70   30.05   98%        eof 3840x2160  PASS  asmr_is_porn
==============================================================================================================
  RESULT: 6/12 cells held steady playback for >=21s

Failure detail:
  cell 4 [DIRECT]: bad_bitches_4k60fps_1
    first_frame=0.5678632259368896  last_pos=7.1  ratio=0.23  eof=eof
  cell 5 [DIRECT]: connoisseur_s_gym_thots_2_4k_1
    first_frame=1.3627710342407227  last_pos=20.6  ratio=0.63  eof=eof
  cell 6 [DIRECT]: tiktok_x_porn_ep1_1
    first_frame=4.10541844367981  last_pos=2.0  ratio=0.08  eof=eof
  cell 7 [DIRECT]: tiktok_x_porn_ep4_1
    first_frame=2.8148460388183594  last_pos=8.7  ratio=0.28  eof=eof
  cell 8 [DIRECT]: coelidge_stop_drop_and_rollupscale_1
    first_frame=4.723344564437866  last_pos=26.1  ratio=0.82  eof=eof
  cell 9 [DIRECT]: tiktok_x_porn_ep5_1
    first_frame=2.534477710723877  last_pos=25.3  ratio=0.80  eof=eof

JSON: C:\Users\tccon\OneDrive\Documents\scripts\wall\test_max_concurrent_results.json
