Auth -> http://10.168.168.29:8096
Libraries (4): asmr, df, hd, mv
Total items with known bitrate: 1215
Selection mode: RANDOM (typical-load simulation)

Top 12 by source bitrate:
--------------------------------------------------------------------------------------------------------------
   1    2.6 Mbps  hevc   1920x1080  [DIRECT   ]  [ElegantAngel] Alexis Texas - Battle Of The Asses 6 - sc1 (A
   2    6.3 Mbps  h264   1920x1080  [DIRECT   ]  ASMR & ASS V.28.1
   3    4.3 Mbps  hevc   1920x1080  [DIRECT   ]  Nympho - 2024-08-05 - Slimthick Vic - Slimthick Vic's Slutty
   4    3.5 Mbps  hevc   1920x1080  [DIRECT   ]  Lubed - 2019-06-28 - Emily Willis - Bubble Time
   5    2.7 Mbps  hevc   720x 480  [DIRECT   ]  Flesh Hunter 8_1
   6    6.2 Mbps  h264   1920x1080  [DIRECT   ]  angela_white_tommy_king_new_goon_fuel1080p
   7   17.3 Mbps  h264   1920x1080  [DIRECT   ]  SJ-415_Part-3_SS
   8   12.2 Mbps  h264   1920x1080  [DIRECT   ]  suck_gag_deepthroat_scroll_and
   9    3.7 Mbps  hevc   1920x1080  [DIRECT   ]  result anne to lana dirty talk revised
  10    4.0 Mbps  h264   1920x1080  [DIRECT   ]  you_got_it_lets_show_it_1
  11   24.2 Mbps  hevc   2560x1440  [DIRECT   ]  gym_baddies_1
  12    9.6 Mbps  h264   3840x2160  [DIRECT   ]  Construction Worker Roleplay
--------------------------------------------------------------------------------------------------------------
Aggregate source bitrate (DIRECT-only ceiling): 96.5 Mbps
GPU pre-test: GPU 3%  VRAM 2328/16303 MB  (3% bw)  38C

Starting 12 cells with 300ms stagger...
All started. Holding for 30.0s...
GPU mid-test:  GPU 17%  VRAM 3748/16303 MB  (12% bw)  39C
GPU end-test:  GPU 17%  VRAM 3753/16303 MB  (12% bw)  40C

==============================================================================================================
  # tier        first     pos   rt%        eof res        name
==============================================================================================================
  1 DIRECT       0.56   33.20   99%        eof 1920x1080  PASS  [ElegantAngel] Alexis Texas - Battle Of The Asses 
  2 DIRECT       0.29   33.20   99%        eof 1920x1080  PASS  ASMR & ASS V.28.1
  3 DIRECT       0.38   32.87   99%        eof 1920x1080  PASS  Nympho - 2024-08-05 - Slimthick Vic - Slimthick Vi
  4 DIRECT       0.23   32.75  100%        eof 1920x1080  PASS  Lubed - 2019-06-28 - Emily Willis - Bubble Time
  5 DIRECT       0.42   32.32  100%        eof 720x 480  PASS  Flesh Hunter 8_1
  6 DIRECT       0.24   32.20  100%        eof 1920x1080  PASS  angela_white_tommy_king_new_goon_fuel1080p
  7 DIRECT       0.26   31.93  100%        eof 1920x1080  PASS  SJ-415_Part-3_SS
  8 DIRECT       0.19   31.73   99%        eof 1920x1080  PASS  suck_gag_deepthroat_scroll_and
  9 DIRECT       0.62   31.10   99%        eof 1920x1080  PASS  result anne to lana dirty talk revised
 10 DIRECT       0.29   31.20  100%        eof 1920x1080  PASS  you_got_it_lets_show_it_1
 11 DIRECT       0.28   30.95   99%        eof 2560x1440  PASS  gym_baddies_1
 12 DIRECT       0.74   30.25   99%        eof 3840x2160  PASS  Construction Worker Roleplay
==============================================================================================================
  RESULT: 12/12 cells held steady playback for >=21s

JSON: C:\Users\tccon\OneDrive\Documents\scripts\wall\test_max_concurrent_results.json
